c:\users\endeavor3\documents\github\gritsharpgithub\gritnative\x64\debug\gritnative.pch
c:\users\endeavor3\documents\github\gritsharpgithub\gritnative\x64\debug\vc142.pdb
c:\users\endeavor3\documents\github\gritsharpgithub\gritnative\x64\debug\vc142.idb
c:\users\endeavor3\documents\github\gritsharpgithub\gritnative\x64\debug\pch.obj
c:\users\endeavor3\documents\github\gritsharpgithub\gritnative\x64\debug\gritinterface.obj
c:\users\endeavor3\documents\github\gritsharpgithub\gritnative\x64\debug\fi.obj
c:\users\endeavor3\documents\github\gritsharpgithub\gritnative\x64\debug\dllmain.obj
c:\users\endeavor3\documents\github\gritsharpgithub\gritnative\x64\debug\compression.obj
c:\users\endeavor3\documents\github\gritsharpgithub\gritnative\x64\debug\cli.obj
c:\users\endeavor3\documents\github\gritsharpgithub\bin\x64\debug\gritnative.lib
c:\users\endeavor3\documents\github\gritsharpgithub\bin\x64\debug\gritnative.exp
c:\users\endeavor3\documents\github\gritsharpgithub\bin\x64\debug\gritnative.ilk
c:\users\endeavor3\documents\github\gritsharpgithub\bin\x64\debug\gritnative.dll
c:\users\endeavor3\documents\github\gritsharpgithub\bin\x64\debug\gritnative.pdb
c:\users\endeavor3\documents\github\gritsharpgithub\gritnative\x64\debug\gritnative.tlog\cl.command.1.tlog
c:\users\endeavor3\documents\github\gritsharpgithub\gritnative\x64\debug\gritnative.tlog\cl.read.1.tlog
c:\users\endeavor3\documents\github\gritsharpgithub\gritnative\x64\debug\gritnative.tlog\cl.write.1.tlog
c:\users\endeavor3\documents\github\gritsharpgithub\gritnative\x64\debug\gritnative.tlog\gritnative.write.1u.tlog
c:\users\endeavor3\documents\github\gritsharpgithub\gritnative\x64\debug\gritnative.tlog\link.command.1.tlog
c:\users\endeavor3\documents\github\gritsharpgithub\gritnative\x64\debug\gritnative.tlog\link.read.1.tlog
c:\users\endeavor3\documents\github\gritsharpgithub\gritnative\x64\debug\gritnative.tlog\link.write.1.tlog
